2026-03-22 15:49:36,400 INFO api.db.repositories.engagement: Fetching all engagements
2026-03-22 15:49:36,401 INFO api.db.repositories.base: Query: 
    SELECT e.engagement_id,
           e.engagement_name,
           e.status,

2026-03-22 15:50:04,162 INFO api.db.repositories.engagement: Fetching all engagements
2026-03-22 15:50:04,163 INFO api.db.repositories.base: Query: 
    SELECT e.engagement_id,
           e.engagement_name,
           e.status,

2026-03-23 13:38:17,649 INFO api.db.repositories.engagement: Fetching all engagements
2026-03-23 13:38:17,651 INFO api.db.repositories.base: Query: 
    SELECT e.engagement_id,
           e.engagement_name,
           e.status,

2026-03-23 13:39:51,446 INFO api.db.repositories.signal: Fetching signals for engagement: E001
2026-03-23 13:39:51,447 INFO api.db.repositories.base: Query: 
    SELECT s.signal_id,
           s.engagement_id,
           s.interview_id,

2026-03-23 13:40:47,759 INFO api.db.repositories.signal: Fetching domain summary for engagement: E001
2026-03-23 13:40:47,760 INFO api.db.repositories.base: Query: 
    SELECT domain,
           signal_confidence,
           COUNT(*) AS signal_
2026-03-23 13:52:42,103 INFO api.db.repositories.pattern: Fetching patterns for engagement: E001
2026-03-23 13:52:42,104 INFO api.db.repositories.base: Query: 
    SELECT ep.ep_id,
           ep.engagement_id,
           ep.pattern_id,
   
2026-03-23 13:53:07,334 INFO api.db.repositories.engagement: Fetching engagement: library
2026-03-23 13:53:07,335 INFO api.db.repositories.base: Query: 
    SELECT e.*,
           c.firm_name,
           c.firm_size,
           c.se
